<Data>
    <Record>
        <user>Jim Brown</user>
        <dt_created>1698413100</dt_created>
        <dt_submitted>1698499500</dt_submitted>
        <ast_name>AssetD</ast_name>
        <location>Branch2</location>
        <status>Pending</status>
        <json_hash>hash101</json_hash>
        <local_id>local789</local_id>
        <filename>fileD.txt</filename>
        <fnumbers>
            <fnumber>FN00172</fnumber>
            <scan_time>2024-12-05T11:00:00Z</scan_time>
        </fnumbers>
        <fnumbers>
            <fnumber>FN01128</fnumber>
            <scan_time>2024-12-05T11:30:00Z</scan_time>
        </fnumbers>
    </Record>
    <Record>
        <user>Scott Tey</user>
        <dt_created>1698413100</dt_created>
        <dt_submitted>1698499500</dt_submitted>
        <ast_name>AssetD</ast_name>
        <location>Branch2</location>
        <status>Pending</status>
        <json_hash>hash101</json_hash>
        <local_id>local789</local_id>
        <filename>fileD.txt</filename>
        <fnumbers>
            <fnumber>FN01313</fnumber>
            <scan_time>2024-12-05T11:00:00Z</scan_time>
        </fnumbers>
        <fnumbers>
            <fnumber>FN01309</fnumber>
            <scan_time>2024-12-05T11:30:00Z</scan_time>
        </fnumbers>
    </Record>
    <Record>
        <user>Mark Brown</user>
        <dt_created>1698413100</dt_created>
        <dt_submitted>1698499500</dt_submitted>
        <ast_name>AssetD</ast_name>
        <location>Branch2</location>
        <status>Pending</status>
        <json_hash>hash101</json_hash>
        <local_id>local789</local_id>
        <filename>fileD.txt</filename>
        <fnumbers>
            <fnumber>FN01731</fnumber>
            <scan_time>2024-12-05T11:00:00Z</scan_time>
        </fnumbers>
        <fnumbers>
            <fnumber>FN01318</fnumber>
            <scan_time>2024-12-05T11:30:00Z</scan_time>
        </fnumbers>
    </Record>
    <Record>
        <user>Michael Smith</user>
        <dt_created>1698413100</dt_created>
        <dt_submitted>1698499500</dt_submitted>
        <ast_name>AssetD</ast_name>
        <location>Branch2</location>
        <status>Pending</status>
        <json_hash>hash101</json_hash>
        <local_id>local789</local_id>
        <filename>fileD.txt</filename>
        <fnumbers>
            <fnumber>FN0310</fnumber>
            <scan_time>2024-12-05T11:00:00Z</scan_time>
        </fnumbers>
        <fnumbers>
            <fnumber>FN008013</fnumber>
            <scan_time>2024-12-05T11:30:00Z</scan_time>
        </fnumbers>
    </Record>
    <Record>
        <user>John Brown</user>
        <dt_created>1698413100</dt_created>
        <dt_submitted>1698499500</dt_submitted>
        <ast_name>AssetA</ast_name>
        <location>Branch2</location>
        <status>Pending</status>
        <json_hash>hash101</json_hash>
        <local_id>local789</local_id>
        <filename>fileD.txt</filename>
        <fnumbers>
            <fnumber>FN01190</fnumber>
            <scan_time>2024-12-05T11:00:00Z</scan_time>
        </fnumbers>
        <fnumbers>
            <fnumber>FN03100</fnumber>
            <scan_time>2024-12-05T11:30:00Z</scan_time>
        </fnumbers>
    </Record>
    <Record>
        <user>Timothy Brown</user>
        <dt_created>1698413100</dt_created>
        <dt_submitted>1698499500</dt_submitted>
        <ast_name>AssetC</ast_name>
        <location>Branch1</location>
        <status>Pending</status>
        <json_hash>hash101</json_hash>
        <local_id>local789</local_id>
        <filename>fileD.txt</filename>
        <fnumbers>
            <fnumber>FN0393</fnumber>
            <scan_time>2024-12-05T11:00:00Z</scan_time>
        </fnumbers>
        <fnumbers>
            <fnumber>FN0109</fnumber>
            <scan_time>2024-12-05T11:30:00Z</scan_time>
        </fnumbers>
    </Record>
    <Record>
        <user>John Smalls</user>
        <dt_created>1698413100</dt_created>
        <dt_submitted>1698499500</dt_submitted>
        <ast_name>AssetD</ast_name>
        <location>Branch2</location>
        <status>Pending</status>
        <json_hash>hash101</json_hash>
        <local_id>local789</local_id>
        <filename>fileD.txt</filename>
        <fnumbers>
            <fnumber>FN0130</fnumber>
            <scan_time>2024-12-05T11:00:00Z</scan_time>
        </fnumbers>
        <fnumbers>
            <fnumber>FN0139</fnumber>
            <scan_time>2024-12-05T11:30:00Z</scan_time>
        </fnumbers>
    </Record>
    <Record>
        <user>Timothy Brown</user>
        <dt_created>1698413100</dt_created>
        <dt_submitted>1698499500</dt_submitted>
        <ast_name>AssetD</ast_name>
        <location>Branch2</location>
        <status>Pending</status>
        <json_hash>hash101</json_hash>
        <local_id>local789</local_id>
        <filename>fileD.txt</filename>
        <fnumbers>
            <fnumber>FN00152</fnumber>
            <scan_time>2024-12-05T11:00:00Z</scan_time>
        </fnumbers>
        <fnumbers>
            <fnumber>FN0201</fnumber>
            <scan_time>2024-12-05T11:30:00Z</scan_time>
        </fnumbers>
    </Record>
</Data>
